nohup: ignoring input
============================================================================================
Remove CancerControl-v0 from registry
============================================================================================
Device set to : NVIDIA GeForce RTX 3090
============================================================================================
training environment name : gym_cancer:CancerControl-v0--patient011
2021-12-14 15:44:50.376717: I tensorflow/stream_executor/platform/default/dso_loader.cc:49] Successfully opened dynamic library libcudart.so.11.0
current logging run number for gym_cancer:CancerControl-v0 :  10
Actions are logged at : PPO_logs/gym_cancer:CancerControl-v0//patient011/PPO_ActionList_gym_cancer:CancerControl-v0_patient011_log_10.csv
save checkpoint path : PPO_preTrained/gym_cancer:CancerControl-v0/patient011/
save checkpoint format : patient011-m1-0.5-m2-11_PPO_gym_cancer:CancerControl-v0_0_0.pth
--------------------------------------------------------------------------------------------
num of envs : 2
max training updating times :  100000
max timesteps per episode :  120
model saving frequency : 500 episodes
log frequency : 2 episodes
printing average reward over episodes in last : 2 episodes
--------------------------------------------------------------------------------------------
state space dimension :  7
action space dimension :  10
--------------------------------------------------------------------------------------------
Initializing a discrete action space policy
--------------------------------------------------------------------------------------------
The initial explore rate : 0.8 and initial exploit rate is : 1- 0.8
PPO update frequency : 2 episodes
PPO K epochs :  4
PPO epsilon clip :  0.1
discount factor (gamma) :  0.99
--------------------------------------------------------------------------------------------
decaying optimizer with step size :  500  decay ratio :  0.5
optimizer learning rate actor :  3e-05
optimizer learning rate critic :  0.0001
============================================================================================
Started training at (GMT) :  2021-12-14 15:44:55
============================================================================================
Updates : 0 		 SurvivalMonths : 53.5 		 Average Reward : 1017.19
--------------------------------------------------------------------------------------------
saving model at : PPO_preTrained/gym_cancer:CancerControl-v0/patient011/final/patient011-m1-0.5-m2-11_PPO_gym_cancer:CancerControl-v0_0_0.pth
model saved
Elapsed Time  :  0:00:09
--------------------------------------------------------------------------------------------
Updates : 2 		 SurvivalMonths : 58.5 		 Average Reward : 1429.16
Updates : 4 		 SurvivalMonths : 56.0 		 Average Reward : 984.44
Updates : 6 		 SurvivalMonths : 61.5 		 Average Reward : 1538.33
Updates : 8 		 SurvivalMonths : 59.0 		 Average Reward : 1194.83
Updates : 10 		 SurvivalMonths : 57.0 		 Average Reward : 774.93
Updates : 12 		 SurvivalMonths : 56.0 		 Average Reward : 923.02
Updates : 14 		 SurvivalMonths : 63.0 		 Average Reward : 1925.54
Updates : 16 		 SurvivalMonths : 59.0 		 Average Reward : 1179.95
Updates : 18 		 SurvivalMonths : 59.5 		 Average Reward : 1683.07
Updates : 20 		 SurvivalMonths : 58.5 		 Average Reward : 1567.81
Updates : 22 		 SurvivalMonths : 60.5 		 Average Reward : 1310.1
Updates : 24 		 SurvivalMonths : 58.5 		 Average Reward : 1850.03
Updates : 26 		 SurvivalMonths : 66.0 		 Average Reward : 2316.92
Updates : 28 		 SurvivalMonths : 46.0 		 Average Reward : 1145.32
Updates : 30 		 SurvivalMonths : 59.0 		 Average Reward : 1320.22
Updates : 32 		 SurvivalMonths : 60.0 		 Average Reward : 1776.37
Updates : 34 		 SurvivalMonths : 55.0 		 Average Reward : 1220.23
Updates : 36 		 SurvivalMonths : 56.0 		 Average Reward : 1615.27
Updates : 38 		 SurvivalMonths : 56.5 		 Average Reward : 1647.1
Updates : 40 		 SurvivalMonths : 62.5 		 Average Reward : 1789.06
Updates : 42 		 SurvivalMonths : 53.5 		 Average Reward : 1495.37
Updates : 44 		 SurvivalMonths : 52.5 		 Average Reward : 1453.69
Updates : 46 		 SurvivalMonths : 59.0 		 Average Reward : 1559.46
Updates : 48 		 SurvivalMonths : 53.5 		 Average Reward : 1651.97
Updates : 50 		 SurvivalMonths : 61.5 		 Average Reward : 1997.03
Updates : 52 		 SurvivalMonths : 55.5 		 Average Reward : 1609.38
Updates : 54 		 SurvivalMonths : 51.5 		 Average Reward : 1201.49
Updates : 56 		 SurvivalMonths : 62.5 		 Average Reward : 1707.61
Updates : 58 		 SurvivalMonths : 61.0 		 Average Reward : 1567.71
Updates : 60 		 SurvivalMonths : 60.0 		 Average Reward : 1223.11
Updates : 62 		 SurvivalMonths : 60.5 		 Average Reward : 1774.45
Updates : 64 		 SurvivalMonths : 49.0 		 Average Reward : 1171.07
Updates : 66 		 SurvivalMonths : 59.5 		 Average Reward : 1770.94
Updates : 68 		 SurvivalMonths : 60.5 		 Average Reward : 1594.86
Updates : 70 		 SurvivalMonths : 57.5 		 Average Reward : 1733.46
Updates : 72 		 SurvivalMonths : 54.0 		 Average Reward : 1426.22
Updates : 74 		 SurvivalMonths : 54.5 		 Average Reward : 1313.22
Updates : 76 		 SurvivalMonths : 61.0 		 Average Reward : 1861.86
Updates : 78 		 SurvivalMonths : 50.0 		 Average Reward : 1282.02
Updates : 80 		 SurvivalMonths : 64.0 		 Average Reward : 2042.03
Updates : 82 		 SurvivalMonths : 49.0 		 Average Reward : 1387.42
Updates : 84 		 SurvivalMonths : 59.0 		 Average Reward : 1772.47
Updates : 86 		 SurvivalMonths : 50.0 		 Average Reward : 1239.76
Updates : 88 		 SurvivalMonths : 59.5 		 Average Reward : 1726.36
Updates : 90 		 SurvivalMonths : 61.5 		 Average Reward : 1839.58
Updates : 92 		 SurvivalMonths : 61.0 		 Average Reward : 1762.05
Updates : 94 		 SurvivalMonths : 50.5 		 Average Reward : 1339.1
Updates : 96 		 SurvivalMonths : 52.5 		 Average Reward : 1467.19
Updates : 98 		 SurvivalMonths : 61.0 		 Average Reward : 1448.11
