nohup: ignoring input
============================================================================================
Remove CancerControl-v0 from registry
============================================================================================
Device set to : NVIDIA GeForce RTX 3090
============================================================================================
training environment name : gym_cancer:CancerControl-v0--patient011
2021-12-14 15:44:50.376723: I tensorflow/stream_executor/platform/default/dso_loader.cc:49] Successfully opened dynamic library libcudart.so.11.0
current logging run number for gym_cancer:CancerControl-v0 :  10
Actions are logged at : PPO_logs/gym_cancer:CancerControl-v0//patient011/PPO_ActionList_gym_cancer:CancerControl-v0_patient011_log_10.csv
save checkpoint path : PPO_preTrained/gym_cancer:CancerControl-v0/patient011/
save checkpoint format : patient011-m1-0.5-m2-9_PPO_gym_cancer:CancerControl-v0_0_0.pth
--------------------------------------------------------------------------------------------
num of envs : 2
max training updating times :  100000
max timesteps per episode :  120
model saving frequency : 500 episodes
log frequency : 2 episodes
printing average reward over episodes in last : 2 episodes
--------------------------------------------------------------------------------------------
state space dimension :  7
action space dimension :  10
--------------------------------------------------------------------------------------------
Initializing a discrete action space policy
--------------------------------------------------------------------------------------------
The initial explore rate : 0.8 and initial exploit rate is : 1- 0.8
PPO update frequency : 2 episodes
PPO K epochs :  4
PPO epsilon clip :  0.1
discount factor (gamma) :  0.99
--------------------------------------------------------------------------------------------
decaying optimizer with step size :  500  decay ratio :  0.5
optimizer learning rate actor :  3e-05
optimizer learning rate critic :  0.0001
============================================================================================
Started training at (GMT) :  2021-12-14 15:44:55
============================================================================================
Updates : 0 		 SurvivalMonths : 49.0 		 Average Reward : 367.05
--------------------------------------------------------------------------------------------
saving model at : PPO_preTrained/gym_cancer:CancerControl-v0/patient011/final/patient011-m1-0.5-m2-9_PPO_gym_cancer:CancerControl-v0_0_0.pth
model saved
Elapsed Time  :  0:00:08
--------------------------------------------------------------------------------------------
Updates : 2 		 SurvivalMonths : 49.0 		 Average Reward : 760.78
Updates : 4 		 SurvivalMonths : 56.5 		 Average Reward : 658.76
Updates : 6 		 SurvivalMonths : 51.0 		 Average Reward : 460.92
Updates : 8 		 SurvivalMonths : 53.5 		 Average Reward : 498.59
Updates : 10 		 SurvivalMonths : 55.5 		 Average Reward : 1178.42
Updates : 12 		 SurvivalMonths : 55.0 		 Average Reward : 1162.82
Updates : 14 		 SurvivalMonths : 55.5 		 Average Reward : 1387.2
Updates : 16 		 SurvivalMonths : 57.5 		 Average Reward : 1125.06
Updates : 18 		 SurvivalMonths : 60.0 		 Average Reward : 1864.29
Updates : 20 		 SurvivalMonths : 50.5 		 Average Reward : 856.56
Updates : 22 		 SurvivalMonths : 55.0 		 Average Reward : 1466.35
Updates : 24 		 SurvivalMonths : 56.0 		 Average Reward : 1689.14
Updates : 26 		 SurvivalMonths : 57.0 		 Average Reward : 1552.08
Updates : 28 		 SurvivalMonths : 58.5 		 Average Reward : 1610.91
Updates : 30 		 SurvivalMonths : 59.0 		 Average Reward : 1542.45
Updates : 32 		 SurvivalMonths : 57.5 		 Average Reward : 1712.72
Updates : 34 		 SurvivalMonths : 53.5 		 Average Reward : 1071.38
Updates : 36 		 SurvivalMonths : 55.0 		 Average Reward : 1552.45
Updates : 38 		 SurvivalMonths : 47.0 		 Average Reward : 1234.51
Updates : 40 		 SurvivalMonths : 60.5 		 Average Reward : 1669.09
Updates : 42 		 SurvivalMonths : 60.0 		 Average Reward : 1724.36
Updates : 44 		 SurvivalMonths : 50.0 		 Average Reward : 1291.82
Updates : 46 		 SurvivalMonths : 52.5 		 Average Reward : 1245.24
Updates : 48 		 SurvivalMonths : 56.0 		 Average Reward : 1375.29
Updates : 50 		 SurvivalMonths : 54.0 		 Average Reward : 818.68
Updates : 52 		 SurvivalMonths : 55.0 		 Average Reward : 1214.67
Updates : 54 		 SurvivalMonths : 53.5 		 Average Reward : 1453.96
Updates : 56 		 SurvivalMonths : 58.0 		 Average Reward : 1872.24
Updates : 58 		 SurvivalMonths : 46.5 		 Average Reward : 1053.83
Updates : 60 		 SurvivalMonths : 45.5 		 Average Reward : 1112.27
Updates : 62 		 SurvivalMonths : 57.0 		 Average Reward : 1373.76
Updates : 64 		 SurvivalMonths : 60.5 		 Average Reward : 1719.86
Updates : 66 		 SurvivalMonths : 46.0 		 Average Reward : 1138.5
Updates : 68 		 SurvivalMonths : 54.0 		 Average Reward : 1448.3
Updates : 70 		 SurvivalMonths : 57.0 		 Average Reward : 1312.72
Updates : 72 		 SurvivalMonths : 55.0 		 Average Reward : 1312.47
Updates : 74 		 SurvivalMonths : 45.5 		 Average Reward : 736.33
Updates : 76 		 SurvivalMonths : 56.0 		 Average Reward : 1683.84
Updates : 78 		 SurvivalMonths : 59.5 		 Average Reward : 1678.82
Updates : 80 		 SurvivalMonths : 44.0 		 Average Reward : 922.99
Updates : 82 		 SurvivalMonths : 62.0 		 Average Reward : 1864.91
Updates : 84 		 SurvivalMonths : 64.0 		 Average Reward : 2134.83
Updates : 86 		 SurvivalMonths : 62.0 		 Average Reward : 1927.37
Updates : 88 		 SurvivalMonths : 51.5 		 Average Reward : 1186.82
Updates : 90 		 SurvivalMonths : 56.0 		 Average Reward : 1661.41
Updates : 92 		 SurvivalMonths : 59.0 		 Average Reward : 1915.74
Updates : 94 		 SurvivalMonths : 60.0 		 Average Reward : 1622.15
Updates : 96 		 SurvivalMonths : 57.0 		 Average Reward : 1240.07
Updates : 98 		 SurvivalMonths : 53.5 		 Average Reward : 1578.16
Updates : 100 		 SurvivalMonths : 58.0 		 Average Reward : 1495.41
Updates : 102 		 SurvivalMonths : 40.5 		 Average Reward : 892.17
Updates : 104 		 SurvivalMonths : 46.0 		 Average Reward : 1043.37
