nohup: ignoring input
============================================================================================
Remove CancerControl-v0 from registry
============================================================================================
Device set to : NVIDIA GeForce RTX 3090
============================================================================================
training environment name : gym_cancer:CancerControl-v0--patient046
2021-12-06 15:23:21.743717: I tensorflow/stream_executor/platform/default/dso_loader.cc:49] Successfully opened dynamic library libcudart.so.11.0
current logging run number for gym_cancer:CancerControl-v0 :  9
Actions are logged at : PPO_logs/gym_cancer:CancerControl-v0//patient046/PPO_ActionList_gym_cancer:CancerControl-v0_patient046_log_9.csv
save checkpoint path : PPO_preTrained/gym_cancer:CancerControl-v0/patient046/
save checkpoint format : patient046_20211206-1523_PPO_gym_cancer:CancerControl-v0_0_0.pth
--------------------------------------------------------------------------------------------
num of envs : 2
max training updating times :  100000
max timesteps per episode :  120
model saving frequency : 500 episodes
log frequency : 2 episodes
printing average reward over episodes in last : 2 episodes
--------------------------------------------------------------------------------------------
state space dimension :  7
action space dimension :  10
--------------------------------------------------------------------------------------------
Initializing a discrete action space policy
--------------------------------------------------------------------------------------------
The initial explore rate : 0.8 and initial exploit rate is : 1- 0.8
PPO update frequency : 2 episodes
PPO K epochs :  4
PPO epsilon clip :  0.2
discount factor (gamma) :  0.99
--------------------------------------------------------------------------------------------
decaying optimizer with step size :  500  decay ratio :  0.5
optimizer learning rate actor :  3e-05
optimizer learning rate critic :  0.0001
============================================================================================
Started training at (GMT) :  2021-12-06 15:23:25
============================================================================================
/home/yitao/PPO-Pytorch/env/gym_cancer/envs/cancercontrol.py:282: RuntimeWarning: invalid value encountered in power
  dxdt = np.multiply(r * x, (1 - (x @ self.A / self.K) ** phi -drug @ Beta))
Updates : 0 		 SurvivalMonths : 68.0 		 Average Reward : -52619.8
--------------------------------------------------------------------------------------------
saving model at : PPO_preTrained/gym_cancer:CancerControl-v0/patient046/final/patient046_20211206-1523_PPO_gym_cancer:CancerControl-v0_0_0.pth
model saved
Elapsed Time  :  0:00:09
--------------------------------------------------------------------------------------------
/home/yitao/PPO-Pytorch/env/gym_cancer/envs/cancercontrol.py:282: RuntimeWarning: invalid value encountered in power
  dxdt = np.multiply(r * x, (1 - (x @ self.A / self.K) ** phi -drug @ Beta))
Updates : 2 		 SurvivalMonths : 70.5 		 Average Reward : -50053.16
Updates : 4 		 SurvivalMonths : 66.5 		 Average Reward : -2898.33
Updates : 6 		 SurvivalMonths : 64.5 		 Average Reward : -12974.54
Updates : 8 		 SurvivalMonths : 66.0 		 Average Reward : -7831.03
Updates : 10 		 SurvivalMonths : 67.0 		 Average Reward : -10640.89
Updates : 12 		 SurvivalMonths : 66.5 		 Average Reward : -32766.45
Updates : 14 		 SurvivalMonths : 66.0 		 Average Reward : -6701.91
Updates : 16 		 SurvivalMonths : 67.0 		 Average Reward : -11783.73
Updates : 18 		 SurvivalMonths : 67.0 		 Average Reward : -31870.84
Updates : 20 		 SurvivalMonths : 67.0 		 Average Reward : -11205.12
Updates : 22 		 SurvivalMonths : 67.5 		 Average Reward : -31702.46
Updates : 24 		 SurvivalMonths : 65.0 		 Average Reward : -5183.71
Updates : 26 		 SurvivalMonths : 45.0 		 Average Reward : 1886.34
Updates : 28 		 SurvivalMonths : 58.0 		 Average Reward : -10890.68
Updates : 30 		 SurvivalMonths : 66.0 		 Average Reward : -7742.77
Updates : 32 		 SurvivalMonths : 66.0 		 Average Reward : -10599.26
Updates : 34 		 SurvivalMonths : 58.0 		 Average Reward : -1315.37
Updates : 36 		 SurvivalMonths : 68.0 		 Average Reward : -15142.62
Updates : 38 		 SurvivalMonths : 65.0 		 Average Reward : -6394.86
Updates : 40 		 SurvivalMonths : 66.0 		 Average Reward : -9703.38
Updates : 42 		 SurvivalMonths : 67.0 		 Average Reward : -11632.88
Updates : 44 		 SurvivalMonths : 66.5 		 Average Reward : -10765.68
Updates : 46 		 SurvivalMonths : 65.5 		 Average Reward : -9681.53
Updates : 48 		 SurvivalMonths : 52.0 		 Average Reward : -4157.69
Updates : 50 		 SurvivalMonths : 67.5 		 Average Reward : -6866.0
Updates : 52 		 SurvivalMonths : 67.0 		 Average Reward : -13237.84
Updates : 54 		 SurvivalMonths : 52.0 		 Average Reward : -2734.91
Updates : 56 		 SurvivalMonths : 50.0 		 Average Reward : -8944.59
Updates : 58 		 SurvivalMonths : 49.0 		 Average Reward : -1503.2
Updates : 60 		 SurvivalMonths : 66.5 		 Average Reward : -5315.87
Updates : 62 		 SurvivalMonths : 51.5 		 Average Reward : -7351.47
Updates : 64 		 SurvivalMonths : 52.0 		 Average Reward : -1841.4
Updates : 66 		 SurvivalMonths : 55.0 		 Average Reward : -1468.67
Updates : 68 		 SurvivalMonths : 67.0 		 Average Reward : -8024.81
Updates : 70 		 SurvivalMonths : 69.0 		 Average Reward : -9254.27
Updates : 72 		 SurvivalMonths : 66.0 		 Average Reward : -15426.94
Updates : 74 		 SurvivalMonths : 69.0 		 Average Reward : -9833.23
Updates : 76 		 SurvivalMonths : 70.5 		 Average Reward : -1019.42
Updates : 78 		 SurvivalMonths : 56.0 		 Average Reward : -4183.48
Updates : 80 		 SurvivalMonths : 63.5 		 Average Reward : -2286.97
Updates : 82 		 SurvivalMonths : 66.5 		 Average Reward : -25309.4
Updates : 84 		 SurvivalMonths : 66.0 		 Average Reward : -13409.49
Updates : 86 		 SurvivalMonths : 51.5 		 Average Reward : -5395.88
Updates : 88 		 SurvivalMonths : 72.0 		 Average Reward : -13383.69
Updates : 90 		 SurvivalMonths : 65.0 		 Average Reward : -2446.97
Updates : 92 		 SurvivalMonths : 65.5 		 Average Reward : -8304.08
Updates : 94 		 SurvivalMonths : 68.0 		 Average Reward : -14505.86
Updates : 96 		 SurvivalMonths : 30.5 		 Average Reward : 1316.54
Updates : 98 		 SurvivalMonths : 67.5 		 Average Reward : -4626.93
Updates : 100 		 SurvivalMonths : 65.0 		 Average Reward : -8439.98
Updates : 102 		 SurvivalMonths : 65.5 		 Average Reward : -8527.33
Updates : 104 		 SurvivalMonths : 65.0 		 Average Reward : -10494.49
Updates : 106 		 SurvivalMonths : 66.0 		 Average Reward : -9584.9
Updates : 108 		 SurvivalMonths : 43.5 		 Average Reward : -5543.06
Updates : 110 		 SurvivalMonths : 68.5 		 Average Reward : -4153.21
Updates : 112 		 SurvivalMonths : 68.0 		 Average Reward : -18247.48
Updates : 114 		 SurvivalMonths : 50.5 		 Average Reward : -17164.31
Updates : 116 		 SurvivalMonths : 65.0 		 Average Reward : -9045.91
Updates : 118 		 SurvivalMonths : 69.0 		 Average Reward : -10994.08
Updates : 120 		 SurvivalMonths : 43.0 		 Average Reward : -263.92
Updates : 122 		 SurvivalMonths : 68.0 		 Average Reward : -13844.56
Updates : 124 		 SurvivalMonths : 69.0 		 Average Reward : -11772.26
Updates : 126 		 SurvivalMonths : 68.5 		 Average Reward : -23689.39
Updates : 128 		 SurvivalMonths : 67.5 		 Average Reward : -2812.0
Updates : 130 		 SurvivalMonths : 70.0 		 Average Reward : -6995.58
Updates : 132 		 SurvivalMonths : 65.0 		 Average Reward : -2703.73
Updates : 134 		 SurvivalMonths : 43.5 		 Average Reward : -4827.03
Updates : 136 		 SurvivalMonths : 42.5 		 Average Reward : -2937.41
Updates : 138 		 SurvivalMonths : 69.0 		 Average Reward : -7685.11
Updates : 140 		 SurvivalMonths : 67.5 		 Average Reward : -19002.36
Updates : 142 		 SurvivalMonths : 67.5 		 Average Reward : -6973.95
Updates : 144 		 SurvivalMonths : 66.0 		 Average Reward : -5355.89
Updates : 146 		 SurvivalMonths : 39.5 		 Average Reward : -4525.85
Updates : 148 		 SurvivalMonths : 12.0 		 Average Reward : 532.29
Updates : 150 		 SurvivalMonths : 38.5 		 Average Reward : -806.44
Updates : 152 		 SurvivalMonths : 66.5 		 Average Reward : -8287.29
Updates : 154 		 SurvivalMonths : 71.5 		 Average Reward : -10721.23
Updates : 156 		 SurvivalMonths : 66.5 		 Average Reward : -5528.67
Updates : 158 		 SurvivalMonths : 38.5 		 Average Reward : -1387.1
Updates : 160 		 SurvivalMonths : 67.5 		 Average Reward : -9725.99
Updates : 162 		 SurvivalMonths : 12.0 		 Average Reward : 532.29
Updates : 164 		 SurvivalMonths : 66.0 		 Average Reward : -4507.32
Updates : 166 		 SurvivalMonths : 65.0 		 Average Reward : -2517.67
Updates : 168 		 SurvivalMonths : 66.0 		 Average Reward : -4303.98
Updates : 170 		 SurvivalMonths : 38.5 		 Average Reward : -260.3
Updates : 172 		 SurvivalMonths : 66.5 		 Average Reward : -3076.21
Updates : 174 		 SurvivalMonths : 38.5 		 Average Reward : -119.13
Updates : 176 		 SurvivalMonths : 64.0 		 Average Reward : -9674.32
Updates : 178 		 SurvivalMonths : 66.0 		 Average Reward : -10298.06
Updates : 180 		 SurvivalMonths : 66.5 		 Average Reward : -4125.04
Updates : 182 		 SurvivalMonths : 65.0 		 Average Reward : -4671.55
Updates : 184 		 SurvivalMonths : 39.0 		 Average Reward : -8196.38
Updates : 186 		 SurvivalMonths : 69.5 		 Average Reward : -13241.96
Updates : 188 		 SurvivalMonths : 67.0 		 Average Reward : -7906.96
Updates : 190 		 SurvivalMonths : 64.5 		 Average Reward : -6384.48
Updates : 192 		 SurvivalMonths : 66.5 		 Average Reward : -2276.14
Updates : 194 		 SurvivalMonths : 65.5 		 Average Reward : -3046.4
Updates : 196 		 SurvivalMonths : 33.5 		 Average Reward : -826.55
Updates : 198 		 SurvivalMonths : 65.0 		 Average Reward : -7772.21
Updates : 200 		 SurvivalMonths : 65.0 		 Average Reward : -3015.67
Updates : 202 		 SurvivalMonths : 70.0 		 Average Reward : -12590.35
Updates : 204 		 SurvivalMonths : 67.5 		 Average Reward : -2193.57
Updates : 206 		 SurvivalMonths : 67.5 		 Average Reward : -2535.45
Updates : 208 		 SurvivalMonths : 39.0 		 Average Reward : -475.74
Updates : 210 		 SurvivalMonths : 64.5 		 Average Reward : -4220.57
Updates : 212 		 SurvivalMonths : 67.0 		 Average Reward : -411.95
Updates : 214 		 SurvivalMonths : 67.5 		 Average Reward : -1291.26
Updates : 216 		 SurvivalMonths : 67.0 		 Average Reward : -6939.6
Updates : 218 		 SurvivalMonths : 34.5 		 Average Reward : -3093.82
Updates : 220 		 SurvivalMonths : 38.5 		 Average Reward : -3094.54
Updates : 222 		 SurvivalMonths : 40.5 		 Average Reward : -1354.03
Updates : 224 		 SurvivalMonths : 64.5 		 Average Reward : -6694.93
Updates : 226 		 SurvivalMonths : 41.0 		 Average Reward : -3249.12
Updates : 228 		 SurvivalMonths : 12.0 		 Average Reward : 532.29
Updates : 230 		 SurvivalMonths : 64.5 		 Average Reward : -3015.99
Updates : 232 		 SurvivalMonths : 38.5 		 Average Reward : 353.35
Updates : 234 		 SurvivalMonths : 66.5 		 Average Reward : -3687.92
Updates : 236 		 SurvivalMonths : 38.5 		 Average Reward : -1266.91
Updates : 238 		 SurvivalMonths : 12.0 		 Average Reward : 532.29
Updates : 240 		 SurvivalMonths : 68.0 		 Average Reward : -17488.84
Updates : 242 		 SurvivalMonths : 67.5 		 Average Reward : -16118.55
Updates : 244 		 SurvivalMonths : 38.5 		 Average Reward : -596.45
Updates : 246 		 SurvivalMonths : 12.0 		 Average Reward : 532.29
Updates : 248 		 SurvivalMonths : 65.0 		 Average Reward : -9200.04
Updates : 250 		 SurvivalMonths : 40.5 		 Average Reward : -2049.21
Updates : 252 		 SurvivalMonths : 65.0 		 Average Reward : -3569.37
Updates : 254 		 SurvivalMonths : 43.0 		 Average Reward : -4020.41
Updates : 256 		 SurvivalMonths : 65.0 		 Average Reward : -7130.4
Updates : 258 		 SurvivalMonths : 66.0 		 Average Reward : -13353.2
Updates : 260 		 SurvivalMonths : 40.0 		 Average Reward : -1582.09
Updates : 262 		 SurvivalMonths : 66.0 		 Average Reward : -2386.75
Updates : 264 		 SurvivalMonths : 38.0 		 Average Reward : -398.72
Updates : 266 		 SurvivalMonths : 69.0 		 Average Reward : -3672.01
Updates : 268 		 SurvivalMonths : 71.0 		 Average Reward : -8719.67
Updates : 270 		 SurvivalMonths : 65.5 		 Average Reward : -7341.79
Updates : 272 		 SurvivalMonths : 69.5 		 Average Reward : -5425.74
Updates : 274 		 SurvivalMonths : 67.5 		 Average Reward : -7642.85
Updates : 276 		 SurvivalMonths : 67.5 		 Average Reward : -4096.12
Updates : 278 		 SurvivalMonths : 38.0 		 Average Reward : -679.75
Updates : 280 		 SurvivalMonths : 65.5 		 Average Reward : -1552.57
Updates : 282 		 SurvivalMonths : 40.5 		 Average Reward : -1547.28
Updates : 284 		 SurvivalMonths : 68.0 		 Average Reward : -7656.29
Updates : 286 		 SurvivalMonths : 64.0 		 Average Reward : -5700.03
Updates : 288 		 SurvivalMonths : 12.0 		 Average Reward : 532.29
Updates : 290 		 SurvivalMonths : 66.5 		 Average Reward : -2303.74
Updates : 292 		 SurvivalMonths : 37.5 		 Average Reward : -1204.52
Updates : 294 		 SurvivalMonths : 67.5 		 Average Reward : -403.15
Updates : 296 		 SurvivalMonths : 67.5 		 Average Reward : -999.87
Updates : 298 		 SurvivalMonths : 42.0 		 Average Reward : -7735.25
Updates : 300 		 SurvivalMonths : 67.5 		 Average Reward : -5879.48
Updates : 302 		 SurvivalMonths : 68.0 		 Average Reward : -3118.85
Updates : 304 		 SurvivalMonths : 39.0 		 Average Reward : -677.31
Updates : 306 		 SurvivalMonths : 38.0 		 Average Reward : -501.18
Updates : 308 		 SurvivalMonths : 67.0 		 Average Reward : -10699.01
Updates : 310 		 SurvivalMonths : 39.5 		 Average Reward : -2284.57
Updates : 312 		 SurvivalMonths : 70.5 		 Average Reward : -5860.04
Updates : 314 		 SurvivalMonths : 38.5 		 Average Reward : -2656.0
Updates : 316 		 SurvivalMonths : 12.0 		 Average Reward : 532.29
Updates : 318 		 SurvivalMonths : 67.0 		 Average Reward : -1197.25
Updates : 320 		 SurvivalMonths : 40.0 		 Average Reward : -3890.42
Updates : 322 		 SurvivalMonths : 67.5 		 Average Reward : -2444.93
Updates : 324 		 SurvivalMonths : 72.5 		 Average Reward : -1798.21
Updates : 326 		 SurvivalMonths : 72.5 		 Average Reward : -8784.63
Updates : 328 		 SurvivalMonths : 67.0 		 Average Reward : -2187.39
Updates : 330 		 SurvivalMonths : 66.0 		 Average Reward : -1616.93
Updates : 332 		 SurvivalMonths : 37.5 		 Average Reward : -668.32
Updates : 334 		 SurvivalMonths : 69.0 		 Average Reward : -2566.99
Updates : 336 		 SurvivalMonths : 39.0 		 Average Reward : 689.54
Updates : 338 		 SurvivalMonths : 65.5 		 Average Reward : -2485.65
Updates : 340 		 SurvivalMonths : 40.0 		 Average Reward : -89.02
Updates : 342 		 SurvivalMonths : 45.0 		 Average Reward : -7582.84
Updates : 344 		 SurvivalMonths : 67.5 		 Average Reward : -1500.13
Updates : 346 		 SurvivalMonths : 69.5 		 Average Reward : -1663.04
Updates : 348 		 SurvivalMonths : 67.5 		 Average Reward : -936.33
Updates : 350 		 SurvivalMonths : 68.0 		 Average Reward : -2654.68
Updates : 352 		 SurvivalMonths : 66.0 		 Average Reward : -1578.19
Updates : 354 		 SurvivalMonths : 67.0 		 Average Reward : 437.07
Updates : 356 		 SurvivalMonths : 68.0 		 Average Reward : -4530.81
Updates : 358 		 SurvivalMonths : 64.5 		 Average Reward : 258.25
Updates : 360 		 SurvivalMonths : 40.0 		 Average Reward : -585.54
Updates : 362 		 SurvivalMonths : 65.5 		 Average Reward : 347.45
Updates : 364 		 SurvivalMonths : 65.5 		 Average Reward : 814.67
Updates : 366 		 SurvivalMonths : 12.0 		 Average Reward : 532.29
Updates : 368 		 SurvivalMonths : 73.5 		 Average Reward : -368.77
Updates : 370 		 SurvivalMonths : 38.5 		 Average Reward : 967.69
Updates : 372 		 SurvivalMonths : 64.5 		 Average Reward : 453.37
Updates : 374 		 SurvivalMonths : 66.5 		 Average Reward : -1565.03
Updates : 376 		 SurvivalMonths : 42.0 		 Average Reward : -760.51
Updates : 378 		 SurvivalMonths : 64.5 		 Average Reward : -1556.5
Updates : 380 		 SurvivalMonths : 39.0 		 Average Reward : -78.17
Updates : 382 		 SurvivalMonths : 39.0 		 Average Reward : -261.07
Updates : 384 		 SurvivalMonths : 66.0 		 Average Reward : -658.74
Updates : 386 		 SurvivalMonths : 40.0 		 Average Reward : -580.67
Updates : 388 		 SurvivalMonths : 40.5 		 Average Reward : -1130.53
Updates : 390 		 SurvivalMonths : 69.5 		 Average Reward : 377.65
Updates : 392 		 SurvivalMonths : 39.5 		 Average Reward : -208.55
Updates : 394 		 SurvivalMonths : 65.0 		 Average Reward : 742.13
Updates : 396 		 SurvivalMonths : 40.0 		 Average Reward : 871.38
Updates : 398 		 SurvivalMonths : 68.0 		 Average Reward : -461.94
Updates : 400 		 SurvivalMonths : 42.0 		 Average Reward : 925.24
Updates : 402 		 SurvivalMonths : 76.0 		 Average Reward : 224.84
Updates : 404 		 SurvivalMonths : 68.5 		 Average Reward : 1203.0
Updates : 406 		 SurvivalMonths : 41.0 		 Average Reward : 772.16
Updates : 408 		 SurvivalMonths : 70.5 		 Average Reward : 734.24
Updates : 410 		 SurvivalMonths : 37.5 		 Average Reward : -144.94
Updates : 412 		 SurvivalMonths : 70.5 		 Average Reward : 557.81
Updates : 414 		 SurvivalMonths : 39.0 		 Average Reward : 462.67
Updates : 416 		 SurvivalMonths : 66.5 		 Average Reward : 1180.87
Updates : 418 		 SurvivalMonths : 67.0 		 Average Reward : 1072.13
Updates : 420 		 SurvivalMonths : 64.5 		 Average Reward : -257.91
Updates : 422 		 SurvivalMonths : 67.5 		 Average Reward : 1535.95
Updates : 424 		 SurvivalMonths : 39.0 		 Average Reward : 942.05
Updates : 426 		 SurvivalMonths : 73.0 		 Average Reward : 1550.78
Updates : 428 		 SurvivalMonths : 72.0 		 Average Reward : -1120.02
Updates : 430 		 SurvivalMonths : 38.5 		 Average Reward : 992.77
Updates : 432 		 SurvivalMonths : 40.5 		 Average Reward : 790.27
Updates : 434 		 SurvivalMonths : 43.5 		 Average Reward : 1097.67
Updates : 436 		 SurvivalMonths : 64.5 		 Average Reward : 1284.59
Updates : 438 		 SurvivalMonths : 67.0 		 Average Reward : 746.22
Updates : 440 		 SurvivalMonths : 69.0 		 Average Reward : 1381.27
Updates : 442 		 SurvivalMonths : 70.0 		 Average Reward : 1043.99
Updates : 444 		 SurvivalMonths : 70.0 		 Average Reward : 1519.98
Updates : 446 		 SurvivalMonths : 40.5 		 Average Reward : 597.07
Updates : 448 		 SurvivalMonths : 69.0 		 Average Reward : 1325.74
Updates : 450 		 SurvivalMonths : 66.0 		 Average Reward : 154.89
Updates : 452 		 SurvivalMonths : 12.0 		 Average Reward : 532.29
Updates : 454 		 SurvivalMonths : 65.0 		 Average Reward : 740.85
Updates : 456 		 SurvivalMonths : 38.0 		 Average Reward : 1095.06
Updates : 458 		 SurvivalMonths : 68.0 		 Average Reward : 1242.7
Updates : 460 		 SurvivalMonths : 67.5 		 Average Reward : 487.26
Updates : 462 		 SurvivalMonths : 65.5 		 Average Reward : 1425.55
Updates : 464 		 SurvivalMonths : 65.0 		 Average Reward : 1512.38
Updates : 466 		 SurvivalMonths : 12.0 		 Average Reward : 532.29
Updates : 468 		 SurvivalMonths : 40.0 		 Average Reward : 862.31
Updates : 470 		 SurvivalMonths : 40.0 		 Average Reward : 754.48
Updates : 472 		 SurvivalMonths : 65.5 		 Average Reward : 1671.57
Updates : 474 		 SurvivalMonths : 66.0 		 Average Reward : 1868.79
Updates : 476 		 SurvivalMonths : 69.5 		 Average Reward : 1551.28
Updates : 478 		 SurvivalMonths : 41.0 		 Average Reward : 907.78
Updates : 480 		 SurvivalMonths : 75.0 		 Average Reward : 2390.02
Updates : 482 		 SurvivalMonths : 67.0 		 Average Reward : 1476.44
Updates : 484 		 SurvivalMonths : 12.0 		 Average Reward : 532.29
Updates : 486 		 SurvivalMonths : 67.0 		 Average Reward : 870.47
Updates : 488 		 SurvivalMonths : 40.5 		 Average Reward : 1086.13
Updates : 490 		 SurvivalMonths : 43.5 		 Average Reward : 1290.1
Updates : 492 		 SurvivalMonths : 69.0 		 Average Reward : 1496.52
Updates : 494 		 SurvivalMonths : 70.0 		 Average Reward : 1331.37
Updates : 496 		 SurvivalMonths : 39.0 		 Average Reward : 1105.28
Updates : 498 		 SurvivalMonths : 68.5 		 Average Reward : 1918.74
Updates : 500 		 SurvivalMonths : 38.5 		 Average Reward : 1160.62
--------------------------------------------------------------------------------------------
saving model at : PPO_preTrained/gym_cancer:CancerControl-v0/patient046/best/patient046_20211206-1523_PPO_gym_cancer:CancerControl-v0_0_0.pth
model saved
Elapsed Time  :  0:15:00
--------------------------------------------------------------------------------------------
--------------------------------------------------------------------------------------------
saving model at : PPO_preTrained/gym_cancer:CancerControl-v0/patient046/final/patient046_20211206-1523_PPO_gym_cancer:CancerControl-v0_0_0.pth
model saved
Elapsed Time  :  0:15:00
--------------------------------------------------------------------------------------------
/home/yitao/PPO-Pytorch/env/gym_cancer/envs/cancercontrol.py:282: RuntimeWarning: invalid value encountered in power
  dxdt = np.multiply(r * x, (1 - (x @ self.A / self.K) ** phi -drug @ Beta))
Updates : 502 		 SurvivalMonths : 67.5 		 Average Reward : 1299.39
Updates : 504 		 SurvivalMonths : 64.5 		 Average Reward : 1714.22
Updates : 506 		 SurvivalMonths : 69.5 		 Average Reward : 2021.27
Updates : 508 		 SurvivalMonths : 36.0 		 Average Reward : 978.04
Updates : 510 		 SurvivalMonths : 69.0 		 Average Reward : 1500.58
Updates : 512 		 SurvivalMonths : 39.0 		 Average Reward : 1030.5
Updates : 514 		 SurvivalMonths : 67.5 		 Average Reward : 1530.89
Updates : 516 		 SurvivalMonths : 38.5 		 Average Reward : 1175.42
Updates : 518 		 SurvivalMonths : 70.5 		 Average Reward : 2014.01
Updates : 520 		 SurvivalMonths : 40.0 		 Average Reward : 932.5
Updates : 522 		 SurvivalMonths : 64.5 		 Average Reward : 1854.35
Updates : 524 		 SurvivalMonths : 69.0 		 Average Reward : 1583.81
Updates : 526 		 SurvivalMonths : 65.0 		 Average Reward : 1691.63
Updates : 528 		 SurvivalMonths : 38.0 		 Average Reward : 1151.9
Updates : 530 		 SurvivalMonths : 65.5 		 Average Reward : 1835.64
Updates : 532 		 SurvivalMonths : 64.5 		 Average Reward : 1549.32
Updates : 534 		 SurvivalMonths : 65.0 		 Average Reward : 1428.27
Updates : 536 		 SurvivalMonths : 69.0 		 Average Reward : 1486.33
Updates : 538 		 SurvivalMonths : 68.5 		 Average Reward : 2060.51
Updates : 540 		 SurvivalMonths : 65.0 		 Average Reward : 1672.95
Updates : 542 		 SurvivalMonths : 67.5 		 Average Reward : 1437.52
Updates : 544 		 SurvivalMonths : 68.5 		 Average Reward : 1967.77
Updates : 546 		 SurvivalMonths : 66.5 		 Average Reward : 1570.02
Updates : 548 		 SurvivalMonths : 12.0 		 Average Reward : 532.29
Updates : 550 		 SurvivalMonths : 68.0 		 Average Reward : 1584.34
Updates : 552 		 SurvivalMonths : 38.5 		 Average Reward : 1148.51
Updates : 554 		 SurvivalMonths : 40.0 		 Average Reward : 1283.17
Updates : 556 		 SurvivalMonths : 69.0 		 Average Reward : 2046.3
Updates : 558 		 SurvivalMonths : 39.0 		 Average Reward : 1192.77
Updates : 560 		 SurvivalMonths : 40.0 		 Average Reward : 1045.4
Updates : 562 		 SurvivalMonths : 39.5 		 Average Reward : 1248.19
Updates : 564 		 SurvivalMonths : 68.5 		 Average Reward : 1829.68
Updates : 566 		 SurvivalMonths : 67.0 		 Average Reward : 1896.72
Updates : 568 		 SurvivalMonths : 40.0 		 Average Reward : 1228.88
Updates : 570 		 SurvivalMonths : 41.0 		 Average Reward : 1371.3
Updates : 572 		 SurvivalMonths : 68.0 		 Average Reward : 2028.21
Updates : 574 		 SurvivalMonths : 67.5 		 Average Reward : 2120.59
Updates : 576 		 SurvivalMonths : 65.0 		 Average Reward : 1802.6
Updates : 578 		 SurvivalMonths : 70.0 		 Average Reward : 1966.17
Updates : 580 		 SurvivalMonths : 68.0 		 Average Reward : 1692.33
Updates : 582 		 SurvivalMonths : 38.0 		 Average Reward : 720.27
Updates : 584 		 SurvivalMonths : 68.0 		 Average Reward : 1940.09
Updates : 586 		 SurvivalMonths : 12.0 		 Average Reward : 532.29
Updates : 588 		 SurvivalMonths : 68.0 		 Average Reward : 1930.54
Updates : 590 		 SurvivalMonths : 67.0 		 Average Reward : 2093.33
Updates : 592 		 SurvivalMonths : 42.5 		 Average Reward : 1273.85
Updates : 594 		 SurvivalMonths : 68.0 		 Average Reward : 1985.09
Updates : 596 		 SurvivalMonths : 66.5 		 Average Reward : 1260.92
Updates : 598 		 SurvivalMonths : 66.0 		 Average Reward : 1663.57
Updates : 600 		 SurvivalMonths : 65.5 		 Average Reward : 1814.21
Updates : 602 		 SurvivalMonths : 38.0 		 Average Reward : 1134.57
Updates : 604 		 SurvivalMonths : 68.5 		 Average Reward : 1715.6
Updates : 606 		 SurvivalMonths : 67.5 		 Average Reward : 1978.73
Updates : 608 		 SurvivalMonths : 68.5 		 Average Reward : 2084.13
Updates : 610 		 SurvivalMonths : 39.0 		 Average Reward : 1121.92
Updates : 612 		 SurvivalMonths : 67.5 		 Average Reward : 1984.48
Updates : 614 		 SurvivalMonths : 65.5 		 Average Reward : 1849.14
Updates : 616 		 SurvivalMonths : 65.5 		 Average Reward : 1848.85
Updates : 618 		 SurvivalMonths : 41.5 		 Average Reward : 1223.65
Updates : 620 		 SurvivalMonths : 68.5 		 Average Reward : 2079.71
Updates : 622 		 SurvivalMonths : 67.0 		 Average Reward : 2113.67
Updates : 624 		 SurvivalMonths : 67.0 		 Average Reward : 2014.48
Updates : 626 		 SurvivalMonths : 66.0 		 Average Reward : 1800.34
Updates : 628 		 SurvivalMonths : 68.0 		 Average Reward : 2007.06
Updates : 630 		 SurvivalMonths : 43.0 		 Average Reward : 1265.51
Updates : 632 		 SurvivalMonths : 42.0 		 Average Reward : 1335.33
Updates : 634 		 SurvivalMonths : 65.5 		 Average Reward : 1906.38
Updates : 636 		 SurvivalMonths : 69.5 		 Average Reward : 1872.27
Updates : 638 		 SurvivalMonths : 46.0 		 Average Reward : 1665.38
Updates : 640 		 SurvivalMonths : 65.0 		 Average Reward : 1712.68
Updates : 642 		 SurvivalMonths : 68.5 		 Average Reward : 1451.84
Updates : 644 		 SurvivalMonths : 44.0 		 Average Reward : 1374.3
Updates : 646 		 SurvivalMonths : 68.0 		 Average Reward : 1841.14
Updates : 648 		 SurvivalMonths : 67.5 		 Average Reward : 1777.87
Updates : 650 		 SurvivalMonths : 20.0 		 Average Reward : 912.82
--------------------------------------------------------------------------------------------
saving model at : PPO_preTrained/gym_cancer:CancerControl-v0/patient046/best/patient046_20211206-1523_PPO_gym_cancer:CancerControl-v0_0_0.pth
model saved
Elapsed Time  :  0:19:13
--------------------------------------------------------------------------------------------
/home/yitao/PPO-Pytorch/env/gym_cancer/envs/cancercontrol.py:282: RuntimeWarning: invalid value encountered in power
  dxdt = np.multiply(r * x, (1 - (x @ self.A / self.K) ** phi -drug @ Beta))
Updates : 652 		 SurvivalMonths : 67.5 		 Average Reward : 1903.97
Updates : 654 		 SurvivalMonths : 70.0 		 Average Reward : 1976.83
Updates : 656 		 SurvivalMonths : 69.0 		 Average Reward : 2085.32
Updates : 658 		 SurvivalMonths : 69.0 		 Average Reward : 2194.73
Updates : 660 		 SurvivalMonths : 71.0 		 Average Reward : 1996.51
Updates : 662 		 SurvivalMonths : 68.0 		 Average Reward : 2138.82
Updates : 664 		 SurvivalMonths : 68.0 		 Average Reward : 1996.29
Updates : 666 		 SurvivalMonths : 44.0 		 Average Reward : 1544.67
Updates : 668 		 SurvivalMonths : 43.0 		 Average Reward : 1349.78
Updates : 670 		 SurvivalMonths : 44.5 		 Average Reward : 1616.78
Updates : 672 		 SurvivalMonths : 42.5 		 Average Reward : 1405.85
Updates : 674 		 SurvivalMonths : 45.0 		 Average Reward : 1468.79
Updates : 676 		 SurvivalMonths : 42.5 		 Average Reward : 1403.03
Updates : 678 		 SurvivalMonths : 43.0 		 Average Reward : 1296.18
Updates : 680 		 SurvivalMonths : 65.5 		 Average Reward : 1457.43
Updates : 682 		 SurvivalMonths : 44.0 		 Average Reward : 1827.51
Updates : 684 		 SurvivalMonths : 65.5 		 Average Reward : 1955.72
Updates : 686 		 SurvivalMonths : 42.5 		 Average Reward : 1481.67
Updates : 688 		 SurvivalMonths : 68.0 		 Average Reward : 1958.84
Updates : 690 		 SurvivalMonths : 43.0 		 Average Reward : 1437.76
Updates : 692 		 SurvivalMonths : 68.0 		 Average Reward : 1790.93
Updates : 694 		 SurvivalMonths : 66.0 		 Average Reward : 1764.69
Updates : 696 		 SurvivalMonths : 71.5 		 Average Reward : 1765.71
Updates : 698 		 SurvivalMonths : 42.0 		 Average Reward : 1313.9
Updates : 700 		 SurvivalMonths : 70.5 		 Average Reward : 2134.59
--------------------------------------------------------------------------------------------
saving model at : PPO_preTrained/gym_cancer:CancerControl-v0/patient046/best/patient046_20211206-1523_PPO_gym_cancer:CancerControl-v0_0_0.pth
model saved
Elapsed Time  :  0:20:42
--------------------------------------------------------------------------------------------
/home/yitao/PPO-Pytorch/env/gym_cancer/envs/cancercontrol.py:282: RuntimeWarning: invalid value encountered in power
  dxdt = np.multiply(r * x, (1 - (x @ self.A / self.K) ** phi -drug @ Beta))
Updates : 702 		 SurvivalMonths : 66.0 		 Average Reward : 1964.92
Updates : 704 		 SurvivalMonths : 68.5 		 Average Reward : 1985.63
Updates : 706 		 SurvivalMonths : 69.0 		 Average Reward : 2027.6
Updates : 708 		 SurvivalMonths : 69.5 		 Average Reward : 2171.16
Updates : 710 		 SurvivalMonths : 67.5 		 Average Reward : 1670.65
Updates : 712 		 SurvivalMonths : 68.0 		 Average Reward : 2140.04
Updates : 714 		 SurvivalMonths : 44.5 		 Average Reward : 1515.62
Updates : 716 		 SurvivalMonths : 46.0 		 Average Reward : 1672.39
Updates : 718 		 SurvivalMonths : 65.0 		 Average Reward : 1431.44
Updates : 720 		 SurvivalMonths : 65.0 		 Average Reward : 1743.36
Updates : 722 		 SurvivalMonths : 67.0 		 Average Reward : 1971.9
Updates : 724 		 SurvivalMonths : 46.5 		 Average Reward : 1591.26
Updates : 726 		 SurvivalMonths : 68.0 		 Average Reward : 1671.82
Updates : 728 		 SurvivalMonths : 26.0 		 Average Reward : 1094.53
Updates : 730 		 SurvivalMonths : 46.5 		 Average Reward : 1575.53
Updates : 732 		 SurvivalMonths : 68.0 		 Average Reward : 2008.66
Updates : 734 		 SurvivalMonths : 26.0 		 Average Reward : 1098.01
Updates : 736 		 SurvivalMonths : 69.5 		 Average Reward : 2044.28
Updates : 738 		 SurvivalMonths : 65.5 		 Average Reward : 1058.99
Updates : 740 		 SurvivalMonths : 69.0 		 Average Reward : 1711.63
Updates : 742 		 SurvivalMonths : 48.0 		 Average Reward : 1599.79
Updates : 744 		 SurvivalMonths : 66.5 		 Average Reward : 1739.88
Updates : 746 		 SurvivalMonths : 68.0 		 Average Reward : 1302.19
Updates : 748 		 SurvivalMonths : 67.5 		 Average Reward : 1410.03
Updates : 750 		 SurvivalMonths : 65.5 		 Average Reward : 1764.04
--------------------------------------------------------------------------------------------
saving model at : PPO_preTrained/gym_cancer:CancerControl-v0/patient046/best/patient046_20211206-1523_PPO_gym_cancer:CancerControl-v0_0_0.pth
model saved
Elapsed Time  :  0:22:16
--------------------------------------------------------------------------------------------
/home/yitao/PPO-Pytorch/env/gym_cancer/envs/cancercontrol.py:282: RuntimeWarning: invalid value encountered in power
  dxdt = np.multiply(r * x, (1 - (x @ self.A / self.K) ** phi -drug @ Beta))
Updates : 752 		 SurvivalMonths : 69.5 		 Average Reward : 1920.09
Updates : 754 		 SurvivalMonths : 66.5 		 Average Reward : 1997.43
Updates : 756 		 SurvivalMonths : 65.5 		 Average Reward : 1737.94
Updates : 758 		 SurvivalMonths : 67.0 		 Average Reward : 1808.97
Updates : 760 		 SurvivalMonths : 48.5 		 Average Reward : 1365.29
Updates : 762 		 SurvivalMonths : 68.5 		 Average Reward : 1915.05
Updates : 764 		 SurvivalMonths : 70.0 		 Average Reward : 1941.53
Updates : 766 		 SurvivalMonths : 49.5 		 Average Reward : 1612.14
Updates : 768 		 SurvivalMonths : 51.0 		 Average Reward : 1635.14
Updates : 770 		 SurvivalMonths : 67.0 		 Average Reward : 845.51
Updates : 772 		 SurvivalMonths : 68.0 		 Average Reward : 1735.17
Updates : 774 		 SurvivalMonths : 68.0 		 Average Reward : 1853.01
Updates : 776 		 SurvivalMonths : 64.5 		 Average Reward : 1522.67
Updates : 778 		 SurvivalMonths : 38.5 		 Average Reward : 1605.39
Updates : 780 		 SurvivalMonths : 68.0 		 Average Reward : 1838.63
Updates : 782 		 SurvivalMonths : 66.0 		 Average Reward : 1512.08
Updates : 784 		 SurvivalMonths : 65.0 		 Average Reward : 1822.33
Updates : 786 		 SurvivalMonths : 51.0 		 Average Reward : 1570.8
Updates : 788 		 SurvivalMonths : 50.5 		 Average Reward : 1415.69
Updates : 790 		 SurvivalMonths : 54.5 		 Average Reward : 1917.59
Updates : 792 		 SurvivalMonths : 65.0 		 Average Reward : 1474.44
Updates : 794 		 SurvivalMonths : 51.5 		 Average Reward : 1392.65
Updates : 796 		 SurvivalMonths : 50.5 		 Average Reward : 1235.34
Updates : 798 		 SurvivalMonths : 54.0 		 Average Reward : 1832.33
Updates : 800 		 SurvivalMonths : 65.0 		 Average Reward : 1002.66
--------------------------------------------------------------------------------------------
saving model at : PPO_preTrained/gym_cancer:CancerControl-v0/patient046/best/patient046_20211206-1523_PPO_gym_cancer:CancerControl-v0_0_0.pth
model saved
Elapsed Time  :  0:23:57
--------------------------------------------------------------------------------------------
/home/yitao/PPO-Pytorch/env/gym_cancer/envs/cancercontrol.py:282: RuntimeWarning: invalid value encountered in power
  dxdt = np.multiply(r * x, (1 - (x @ self.A / self.K) ** phi -drug @ Beta))
Updates : 802 		 SurvivalMonths : 67.0 		 Average Reward : 1980.91
Updates : 804 		 SurvivalMonths : 53.5 		 Average Reward : 1566.84
Updates : 806 		 SurvivalMonths : 56.0 		 Average Reward : 1551.77
Updates : 808 		 SurvivalMonths : 55.0 		 Average Reward : 1826.12
Updates : 810 		 SurvivalMonths : 54.0 		 Average Reward : 1421.97
Updates : 812 		 SurvivalMonths : 66.5 		 Average Reward : 1279.12
Updates : 814 		 SurvivalMonths : 66.5 		 Average Reward : 1258.83
Updates : 816 		 SurvivalMonths : 65.5 		 Average Reward : 1161.71
Updates : 818 		 SurvivalMonths : 70.5 		 Average Reward : 2011.95
Updates : 820 		 SurvivalMonths : 66.0 		 Average Reward : 1241.88
Updates : 822 		 SurvivalMonths : 65.0 		 Average Reward : 1810.59
Updates : 824 		 SurvivalMonths : 71.0 		 Average Reward : 1924.21
Updates : 826 		 SurvivalMonths : 67.5 		 Average Reward : 1840.7
Updates : 828 		 SurvivalMonths : 68.5 		 Average Reward : -226.44
Updates : 830 		 SurvivalMonths : 66.5 		 Average Reward : 829.74
Updates : 832 		 SurvivalMonths : 69.5 		 Average Reward : 1868.36
Updates : 834 		 SurvivalMonths : 66.0 		 Average Reward : 1503.03
Updates : 836 		 SurvivalMonths : 65.5 		 Average Reward : 1915.38
Updates : 838 		 SurvivalMonths : 54.5 		 Average Reward : 1664.67
Updates : 840 		 SurvivalMonths : 72.5 		 Average Reward : 2430.44
Updates : 842 		 SurvivalMonths : 66.0 		 Average Reward : 1231.94
Updates : 844 		 SurvivalMonths : 53.5 		 Average Reward : 1575.03
Updates : 846 		 SurvivalMonths : 54.0 		 Average Reward : 1796.45
Updates : 848 		 SurvivalMonths : 52.5 		 Average Reward : 1647.75
Updates : 850 		 SurvivalMonths : 65.5 		 Average Reward : 1820.5
--------------------------------------------------------------------------------------------
saving model at : PPO_preTrained/gym_cancer:CancerControl-v0/patient046/best/patient046_20211206-1523_PPO_gym_cancer:CancerControl-v0_0_0.pth
model saved
Elapsed Time  :  0:25:45
--------------------------------------------------------------------------------------------
/home/yitao/PPO-Pytorch/env/gym_cancer/envs/cancercontrol.py:282: RuntimeWarning: invalid value encountered in power
  dxdt = np.multiply(r * x, (1 - (x @ self.A / self.K) ** phi -drug @ Beta))
Updates : 852 		 SurvivalMonths : 53.5 		 Average Reward : 1744.08
Updates : 854 		 SurvivalMonths : 52.0 		 Average Reward : 1731.37
Updates : 856 		 SurvivalMonths : 67.0 		 Average Reward : 1860.16
Updates : 858 		 SurvivalMonths : 53.5 		 Average Reward : 1793.33
Updates : 860 		 SurvivalMonths : 55.0 		 Average Reward : 1796.8
Updates : 862 		 SurvivalMonths : 67.5 		 Average Reward : 3051.04
Updates : 864 		 SurvivalMonths : 67.0 		 Average Reward : 1639.49
Updates : 866 		 SurvivalMonths : 68.0 		 Average Reward : 2059.28
Updates : 868 		 SurvivalMonths : 66.5 		 Average Reward : 1552.39
Updates : 870 		 SurvivalMonths : 67.0 		 Average Reward : 1706.91
Updates : 872 		 SurvivalMonths : 66.5 		 Average Reward : 1963.19
Updates : 874 		 SurvivalMonths : 65.5 		 Average Reward : 2236.64
Updates : 876 		 SurvivalMonths : 65.0 		 Average Reward : 1805.37
Updates : 878 		 SurvivalMonths : 65.0 		 Average Reward : 1687.95
Updates : 880 		 SurvivalMonths : 65.5 		 Average Reward : 2417.08
Updates : 882 		 SurvivalMonths : 63.0 		 Average Reward : 1754.74
Updates : 884 		 SurvivalMonths : 65.0 		 Average Reward : 1892.43
Updates : 886 		 SurvivalMonths : 66.0 		 Average Reward : 1913.94
Updates : 888 		 SurvivalMonths : 54.5 		 Average Reward : 1885.09
Updates : 890 		 SurvivalMonths : 43.0 		 Average Reward : 1783.6
Updates : 892 		 SurvivalMonths : 55.5 		 Average Reward : 1927.8
Updates : 894 		 SurvivalMonths : 68.0 		 Average Reward : 2050.18
Updates : 896 		 SurvivalMonths : 65.5 		 Average Reward : 1436.19
Updates : 898 		 SurvivalMonths : 63.0 		 Average Reward : 1649.65
Updates : 900 		 SurvivalMonths : 67.5 		 Average Reward : 1907.01
--------------------------------------------------------------------------------------------
saving model at : PPO_preTrained/gym_cancer:CancerControl-v0/patient046/best/patient046_20211206-1523_PPO_gym_cancer:CancerControl-v0_0_0.pth
model saved
Elapsed Time  :  0:27:36
--------------------------------------------------------------------------------------------
/home/yitao/PPO-Pytorch/env/gym_cancer/envs/cancercontrol.py:282: RuntimeWarning: invalid value encountered in power
  dxdt = np.multiply(r * x, (1 - (x @ self.A / self.K) ** phi -drug @ Beta))
Updates : 902 		 SurvivalMonths : 67.5 		 Average Reward : 1960.05
Updates : 904 		 SurvivalMonths : 65.0 		 Average Reward : 1822.39
Updates : 906 		 SurvivalMonths : 68.5 		 Average Reward : 2057.91
Updates : 908 		 SurvivalMonths : 68.0 		 Average Reward : 2107.66
Updates : 910 		 SurvivalMonths : 59.0 		 Average Reward : 2049.4
Updates : 912 		 SurvivalMonths : 67.0 		 Average Reward : 1865.24
Updates : 914 		 SurvivalMonths : 67.0 		 Average Reward : 2618.69
Updates : 916 		 SurvivalMonths : 59.0 		 Average Reward : 2112.45
Updates : 918 		 SurvivalMonths : 65.0 		 Average Reward : 1903.78
Updates : 920 		 SurvivalMonths : 67.0 		 Average Reward : 1913.0
Updates : 922 		 SurvivalMonths : 56.0 		 Average Reward : 2049.57
Updates : 924 		 SurvivalMonths : 55.0 		 Average Reward : 1863.76
Updates : 926 		 SurvivalMonths : 64.5 		 Average Reward : 1758.19
Updates : 928 		 SurvivalMonths : 59.0 		 Average Reward : 1885.4
Updates : 930 		 SurvivalMonths : 68.5 		 Average Reward : 2578.91
Updates : 932 		 SurvivalMonths : 64.0 		 Average Reward : 1547.09
Updates : 934 		 SurvivalMonths : 67.0 		 Average Reward : 3017.74
Updates : 936 		 SurvivalMonths : 57.5 		 Average Reward : 1968.35
Updates : 938 		 SurvivalMonths : 66.5 		 Average Reward : 1899.68
Updates : 940 		 SurvivalMonths : 68.5 		 Average Reward : 2670.55
Updates : 942 		 SurvivalMonths : 67.0 		 Average Reward : 2042.13
Updates : 944 		 SurvivalMonths : 67.0 		 Average Reward : 2547.94
Updates : 946 		 SurvivalMonths : 65.5 		 Average Reward : 1693.55
Updates : 948 		 SurvivalMonths : 58.0 		 Average Reward : 2108.67
Updates : 950 		 SurvivalMonths : 71.0 		 Average Reward : 2153.37
--------------------------------------------------------------------------------------------
saving model at : PPO_preTrained/gym_cancer:CancerControl-v0/patient046/best/patient046_20211206-1523_PPO_gym_cancer:CancerControl-v0_0_0.pth
model saved
Elapsed Time  :  0:29:25
--------------------------------------------------------------------------------------------
/home/yitao/PPO-Pytorch/env/gym_cancer/envs/cancercontrol.py:282: RuntimeWarning: invalid value encountered in power
  dxdt = np.multiply(r * x, (1 - (x @ self.A / self.K) ** phi -drug @ Beta))
Updates : 952 		 SurvivalMonths : 57.5 		 Average Reward : 2026.09
Updates : 954 		 SurvivalMonths : 65.5 		 Average Reward : 1541.07
Updates : 956 		 SurvivalMonths : 68.5 		 Average Reward : 2063.26
Updates : 958 		 SurvivalMonths : 68.5 		 Average Reward : 2126.82
Updates : 960 		 SurvivalMonths : 66.5 		 Average Reward : 2575.67
Updates : 962 		 SurvivalMonths : 66.0 		 Average Reward : 2435.45
Updates : 964 		 SurvivalMonths : 66.5 		 Average Reward : 2016.69
Updates : 966 		 SurvivalMonths : 59.0 		 Average Reward : 2201.83
Updates : 968 		 SurvivalMonths : 67.0 		 Average Reward : 2083.63
Updates : 970 		 SurvivalMonths : 66.0 		 Average Reward : 2111.54
Updates : 972 		 SurvivalMonths : 57.5 		 Average Reward : 2070.31
Updates : 974 		 SurvivalMonths : 69.5 		 Average Reward : 2776.85
Updates : 976 		 SurvivalMonths : 66.0 		 Average Reward : 1960.77
Updates : 978 		 SurvivalMonths : 65.5 		 Average Reward : 2433.51
Updates : 980 		 SurvivalMonths : 67.0 		 Average Reward : 1992.36
Updates : 982 		 SurvivalMonths : 68.0 		 Average Reward : 2031.45
Updates : 984 		 SurvivalMonths : 67.0 		 Average Reward : 2602.83
Updates : 986 		 SurvivalMonths : 72.5 		 Average Reward : 2552.13
Updates : 988 		 SurvivalMonths : 55.5 		 Average Reward : 2031.05
Updates : 990 		 SurvivalMonths : 69.5 		 Average Reward : 2332.05
Updates : 992 		 SurvivalMonths : 68.0 		 Average Reward : 2097.25
Updates : 994 		 SurvivalMonths : 68.5 		 Average Reward : 2054.19
Updates : 996 		 SurvivalMonths : 71.0 		 Average Reward : 2385.13
Updates : 998 		 SurvivalMonths : 67.5 		 Average Reward : 2065.23
Updates : 1000 		 SurvivalMonths : 53.0 		 Average Reward : 1843.99
--------------------------------------------------------------------------------------------
saving model at : PPO_preTrained/gym_cancer:CancerControl-v0/patient046/final/patient046_20211206-1523_PPO_gym_cancer:CancerControl-v0_0_0.pth
model saved
Elapsed Time  :  0:31:15
--------------------------------------------------------------------------------------------
/home/yitao/PPO-Pytorch/env/gym_cancer/envs/cancercontrol.py:282: RuntimeWarning: invalid value encountered in power
  dxdt = np.multiply(r * x, (1 - (x @ self.A / self.K) ** phi -drug @ Beta))
Updates : 1002 		 SurvivalMonths : 55.0 		 Average Reward : 1982.67
Updates : 1004 		 SurvivalMonths : 65.0 		 Average Reward : 1853.18
Updates : 1006 		 SurvivalMonths : 69.5 		 Average Reward : 2238.14
Updates : 1008 		 SurvivalMonths : 66.0 		 Average Reward : 1969.76
Updates : 1010 		 SurvivalMonths : 58.0 		 Average Reward : 2028.71
Updates : 1012 		 SurvivalMonths : 68.0 		 Average Reward : 2251.11
Updates : 1014 		 SurvivalMonths : 67.5 		 Average Reward : 2685.84
Updates : 1016 		 SurvivalMonths : 57.0 		 Average Reward : 2069.11
Updates : 1018 		 SurvivalMonths : 66.5 		 Average Reward : 2065.45
Updates : 1020 		 SurvivalMonths : 55.0 		 Average Reward : 1907.7
Updates : 1022 		 SurvivalMonths : 67.0 		 Average Reward : 1987.52
Updates : 1024 		 SurvivalMonths : 65.5 		 Average Reward : 1958.19
Updates : 1026 		 SurvivalMonths : 67.0 		 Average Reward : 1692.22
Updates : 1028 		 SurvivalMonths : 67.0 		 Average Reward : 2078.24
Updates : 1030 		 SurvivalMonths : 68.0 		 Average Reward : 2611.09
Updates : 1032 		 SurvivalMonths : 65.5 		 Average Reward : 1793.48
Updates : 1034 		 SurvivalMonths : 67.5 		 Average Reward : 2529.39
Updates : 1036 		 SurvivalMonths : 66.5 		 Average Reward : 2461.99
Updates : 1038 		 SurvivalMonths : 65.5 		 Average Reward : 1877.37
Updates : 1040 		 SurvivalMonths : 66.0 		 Average Reward : 1950.6
Updates : 1042 		 SurvivalMonths : 65.0 		 Average Reward : 1853.69
Updates : 1044 		 SurvivalMonths : 66.5 		 Average Reward : 2152.17
Updates : 1046 		 SurvivalMonths : 69.0 		 Average Reward : 2271.87
Updates : 1048 		 SurvivalMonths : 56.5 		 Average Reward : 1921.54
Updates : 1050 		 SurvivalMonths : 68.0 		 Average Reward : 2108.97
Updates : 1052 		 SurvivalMonths : 70.0 		 Average Reward : 2773.47
Updates : 1054 		 SurvivalMonths : 66.5 		 Average Reward : 2114.66
Updates : 1056 		 SurvivalMonths : 68.5 		 Average Reward : 2545.6
Updates : 1058 		 SurvivalMonths : 56.5 		 Average Reward : 2042.07
Updates : 1060 		 SurvivalMonths : 57.5 		 Average Reward : 2131.68
Updates : 1062 		 SurvivalMonths : 65.0 		 Average Reward : 1879.3
Updates : 1064 		 SurvivalMonths : 67.5 		 Average Reward : 2007.19
Updates : 1066 		 SurvivalMonths : 66.5 		 Average Reward : 1988.36
Updates : 1068 		 SurvivalMonths : 55.5 		 Average Reward : 1927.61
Updates : 1070 		 SurvivalMonths : 66.5 		 Average Reward : 2064.44
Updates : 1072 		 SurvivalMonths : 66.0 		 Average Reward : 1962.62
Updates : 1074 		 SurvivalMonths : 67.0 		 Average Reward : 1820.22
Updates : 1076 		 SurvivalMonths : 66.0 		 Average Reward : 1979.03
Updates : 1078 		 SurvivalMonths : 67.5 		 Average Reward : 2162.1
Updates : 1080 		 SurvivalMonths : 69.0 		 Average Reward : 2103.72
Updates : 1082 		 SurvivalMonths : 67.0 		 Average Reward : 1637.41
Updates : 1084 		 SurvivalMonths : 67.5 		 Average Reward : 2150.22
Updates : 1086 		 SurvivalMonths : 68.5 		 Average Reward : 2125.53
Updates : 1088 		 SurvivalMonths : 60.0 		 Average Reward : 2233.05
Updates : 1090 		 SurvivalMonths : 58.0 		 Average Reward : 2122.61
Updates : 1092 		 SurvivalMonths : 65.0 		 Average Reward : 1869.79
Updates : 1094 		 SurvivalMonths : 68.0 		 Average Reward : 2748.23
Updates : 1096 		 SurvivalMonths : 69.0 		 Average Reward : 2179.92
Updates : 1098 		 SurvivalMonths : 65.5 		 Average Reward : 1991.32
Updates : 1100 		 SurvivalMonths : 57.5 		 Average Reward : 2058.42
--------------------------------------------------------------------------------------------
saving model at : PPO_preTrained/gym_cancer:CancerControl-v0/patient046/best/patient046_20211206-1523_PPO_gym_cancer:CancerControl-v0_0_0.pth
model saved
Elapsed Time  :  0:34:53
--------------------------------------------------------------------------------------------
/home/yitao/PPO-Pytorch/env/gym_cancer/envs/cancercontrol.py:282: RuntimeWarning: invalid value encountered in power
  dxdt = np.multiply(r * x, (1 - (x @ self.A / self.K) ** phi -drug @ Beta))
Updates : 1102 		 SurvivalMonths : 66.5 		 Average Reward : 1806.54
Updates : 1104 		 SurvivalMonths : 64.0 		 Average Reward : 1884.72
Updates : 1106 		 SurvivalMonths : 67.5 		 Average Reward : 1963.65
Updates : 1108 		 SurvivalMonths : 69.5 		 Average Reward : 2660.03
Updates : 1110 		 SurvivalMonths : 67.5 		 Average Reward : 2572.67
Updates : 1112 		 SurvivalMonths : 66.5 		 Average Reward : 2983.06
Updates : 1114 		 SurvivalMonths : 57.0 		 Average Reward : 1983.38
Updates : 1116 		 SurvivalMonths : 66.0 		 Average Reward : 1899.87
Updates : 1118 		 SurvivalMonths : 70.0 		 Average Reward : 2140.42
Updates : 1120 		 SurvivalMonths : 66.5 		 Average Reward : 2569.05
Updates : 1122 		 SurvivalMonths : 65.5 		 Average Reward : 1955.87
Updates : 1124 		 SurvivalMonths : 25.0 		 Average Reward : 958.93
Updates : 1126 		 SurvivalMonths : 68.5 		 Average Reward : 2258.01
Updates : 1128 		 SurvivalMonths : 67.5 		 Average Reward : 2055.89
Updates : 1130 		 SurvivalMonths : 66.5 		 Average Reward : 2415.63
Updates : 1132 		 SurvivalMonths : 66.5 		 Average Reward : 2135.39
Updates : 1134 		 SurvivalMonths : 65.0 		 Average Reward : 1844.98
Updates : 1136 		 SurvivalMonths : 66.0 		 Average Reward : 1983.65
Updates : 1138 		 SurvivalMonths : 64.0 		 Average Reward : 1822.67
Updates : 1140 		 SurvivalMonths : 56.0 		 Average Reward : 2005.21
Updates : 1142 		 SurvivalMonths : 68.5 		 Average Reward : 2637.04
Updates : 1144 		 SurvivalMonths : 67.5 		 Average Reward : 2040.28
Updates : 1146 		 SurvivalMonths : 69.5 		 Average Reward : 2042.76
Updates : 1148 		 SurvivalMonths : 57.0 		 Average Reward : 1967.81
Updates : 1150 		 SurvivalMonths : 70.0 		 Average Reward : 2806.62
Updates : 1152 		 SurvivalMonths : 57.0 		 Average Reward : 1994.59
Updates : 1154 		 SurvivalMonths : 69.0 		 Average Reward : 2761.94
Updates : 1156 		 SurvivalMonths : 67.0 		 Average Reward : 2061.33
Updates : 1158 		 SurvivalMonths : 58.0 		 Average Reward : 1921.38
Updates : 1160 		 SurvivalMonths : 68.0 		 Average Reward : 2657.45
Updates : 1162 		 SurvivalMonths : 57.0 		 Average Reward : 1985.99
Updates : 1164 		 SurvivalMonths : 58.5 		 Average Reward : 2048.77
Updates : 1166 		 SurvivalMonths : 67.5 		 Average Reward : 2092.26
Updates : 1168 		 SurvivalMonths : 66.5 		 Average Reward : 2545.5
Updates : 1170 		 SurvivalMonths : 65.5 		 Average Reward : 1855.69
Updates : 1172 		 SurvivalMonths : 67.0 		 Average Reward : 1852.45
Updates : 1174 		 SurvivalMonths : 67.5 		 Average Reward : 2012.5
Updates : 1176 		 SurvivalMonths : 57.5 		 Average Reward : 1880.74
Updates : 1178 		 SurvivalMonths : 59.5 		 Average Reward : 2125.59
Updates : 1180 		 SurvivalMonths : 68.0 		 Average Reward : 2536.8
Updates : 1182 		 SurvivalMonths : 66.0 		 Average Reward : 1846.26
Updates : 1184 		 SurvivalMonths : 70.0 		 Average Reward : 2729.87
Updates : 1186 		 SurvivalMonths : 67.0 		 Average Reward : 2081.14
Updates : 1188 		 SurvivalMonths : 68.5 		 Average Reward : 2110.51
Updates : 1190 		 SurvivalMonths : 67.0 		 Average Reward : 2549.24
Updates : 1192 		 SurvivalMonths : 65.0 		 Average Reward : 1832.39
Updates : 1194 		 SurvivalMonths : 66.0 		 Average Reward : 1937.53
Updates : 1196 		 SurvivalMonths : 65.0 		 Average Reward : 1939.72
Updates : 1198 		 SurvivalMonths : 69.0 		 Average Reward : 2108.47
Updates : 1200 		 SurvivalMonths : 67.0 		 Average Reward : 2651.39
Updates : 1202 		 SurvivalMonths : 69.0 		 Average Reward : 3242.39
Updates : 1204 		 SurvivalMonths : 57.5 		 Average Reward : 2010.77
Updates : 1206 		 SurvivalMonths : 58.5 		 Average Reward : 2118.55
Updates : 1208 		 SurvivalMonths : 58.0 		 Average Reward : 2118.64
Updates : 1210 		 SurvivalMonths : 66.5 		 Average Reward : 1984.56
Updates : 1212 		 SurvivalMonths : 69.0 		 Average Reward : 2173.9
Updates : 1214 		 SurvivalMonths : 69.5 		 Average Reward : 2737.53
Updates : 1216 		 SurvivalMonths : 67.5 		 Average Reward : 2378.9
Updates : 1218 		 SurvivalMonths : 67.0 		 Average Reward : 1975.84
Updates : 1220 		 SurvivalMonths : 68.0 		 Average Reward : 3179.78
Updates : 1222 		 SurvivalMonths : 71.5 		 Average Reward : 2308.78
Updates : 1224 		 SurvivalMonths : 67.5 		 Average Reward : 2082.55
Updates : 1226 		 SurvivalMonths : 65.5 		 Average Reward : 2012.36
Updates : 1228 		 SurvivalMonths : 67.0 		 Average Reward : 2507.02
Updates : 1230 		 SurvivalMonths : 69.0 		 Average Reward : 2661.99
Updates : 1232 		 SurvivalMonths : 68.5 		 Average Reward : 2051.03
Updates : 1234 		 SurvivalMonths : 64.5 		 Average Reward : 1908.45
Updates : 1236 		 SurvivalMonths : 66.0 		 Average Reward : 2628.2
Updates : 1238 		 SurvivalMonths : 57.0 		 Average Reward : 1789.3
Updates : 1240 		 SurvivalMonths : 67.0 		 Average Reward : 2090.63
Updates : 1242 		 SurvivalMonths : 56.5 		 Average Reward : 2016.17
Updates : 1244 		 SurvivalMonths : 70.5 		 Average Reward : 2879.12
Updates : 1246 		 SurvivalMonths : 68.5 		 Average Reward : 2112.69
Updates : 1248 		 SurvivalMonths : 66.0 		 Average Reward : 1951.94
Updates : 1250 		 SurvivalMonths : 68.0 		 Average Reward : 2516.63
--------------------------------------------------------------------------------------------
saving model at : PPO_preTrained/gym_cancer:CancerControl-v0/patient046/best/patient046_20211206-1523_PPO_gym_cancer:CancerControl-v0_0_0.pth
model saved
Elapsed Time  :  0:40:20
--------------------------------------------------------------------------------------------
/home/yitao/PPO-Pytorch/env/gym_cancer/envs/cancercontrol.py:282: RuntimeWarning: invalid value encountered in power
  dxdt = np.multiply(r * x, (1 - (x @ self.A / self.K) ** phi -drug @ Beta))
Updates : 1252 		 SurvivalMonths : 67.0 		 Average Reward : 2091.16
Updates : 1254 		 SurvivalMonths : 66.5 		 Average Reward : 2561.3
Updates : 1256 		 SurvivalMonths : 70.0 		 Average Reward : 2294.34
Updates : 1258 		 SurvivalMonths : 68.0 		 Average Reward : 2062.83
Updates : 1260 		 SurvivalMonths : 66.0 		 Average Reward : 1729.94
Updates : 1262 		 SurvivalMonths : 68.5 		 Average Reward : 2168.7
Updates : 1264 		 SurvivalMonths : 65.0 		 Average Reward : 1826.17
Updates : 1266 		 SurvivalMonths : 67.0 		 Average Reward : 2192.7
Updates : 1268 		 SurvivalMonths : 67.0 		 Average Reward : 2052.2
Updates : 1270 		 SurvivalMonths : 69.0 		 Average Reward : 2158.64
Updates : 1272 		 SurvivalMonths : 68.0 		 Average Reward : 2715.36
Updates : 1274 		 SurvivalMonths : 66.0 		 Average Reward : 1994.25
Updates : 1276 		 SurvivalMonths : 67.5 		 Average Reward : 2023.85
Updates : 1278 		 SurvivalMonths : 69.0 		 Average Reward : 2205.78
Updates : 1280 		 SurvivalMonths : 65.5 		 Average Reward : 1953.89
Updates : 1282 		 SurvivalMonths : 57.0 		 Average Reward : 2016.6
Updates : 1284 		 SurvivalMonths : 70.0 		 Average Reward : 2297.57
Updates : 1286 		 SurvivalMonths : 66.5 		 Average Reward : 2013.15
Updates : 1288 		 SurvivalMonths : 69.0 		 Average Reward : 2643.01
Updates : 1290 		 SurvivalMonths : 66.0 		 Average Reward : 1980.77
Updates : 1292 		 SurvivalMonths : 67.0 		 Average Reward : 2017.76
Updates : 1294 		 SurvivalMonths : 67.0 		 Average Reward : 1866.22
Updates : 1296 		 SurvivalMonths : 67.0 		 Average Reward : 2114.81
Updates : 1298 		 SurvivalMonths : 68.0 		 Average Reward : 2552.58
Updates : 1300 		 SurvivalMonths : 65.5 		 Average Reward : 2413.28
Updates : 1302 		 SurvivalMonths : 54.5 		 Average Reward : 1912.51
Updates : 1304 		 SurvivalMonths : 69.0 		 Average Reward : 2172.65
Updates : 1306 		 SurvivalMonths : 62.0 		 Average Reward : 2409.54
Updates : 1308 		 SurvivalMonths : 65.0 		 Average Reward : 1872.41
Updates : 1310 		 SurvivalMonths : 66.0 		 Average Reward : 1936.03
Updates : 1312 		 SurvivalMonths : 66.0 		 Average Reward : 1921.49
Updates : 1314 		 SurvivalMonths : 71.0 		 Average Reward : 2511.1
Updates : 1316 		 SurvivalMonths : 68.5 		 Average Reward : 2149.25
Updates : 1318 		 SurvivalMonths : 69.0 		 Average Reward : 2143.77
Updates : 1320 		 SurvivalMonths : 67.5 		 Average Reward : 2020.75
Updates : 1322 		 SurvivalMonths : 67.0 		 Average Reward : 1996.47
Updates : 1324 		 SurvivalMonths : 59.5 		 Average Reward : 2347.24
Updates : 1326 		 SurvivalMonths : 68.5 		 Average Reward : 3203.05
Updates : 1328 		 SurvivalMonths : 65.0 		 Average Reward : 1774.36
Updates : 1330 		 SurvivalMonths : 70.5 		 Average Reward : 2277.51
Updates : 1332 		 SurvivalMonths : 66.0 		 Average Reward : 2056.33
Updates : 1334 		 SurvivalMonths : 65.5 		 Average Reward : 2487.81
Updates : 1336 		 SurvivalMonths : 67.0 		 Average Reward : 2093.6
Updates : 1338 		 SurvivalMonths : 67.5 		 Average Reward : 2583.33
Updates : 1340 		 SurvivalMonths : 69.5 		 Average Reward : 2797.48
Updates : 1342 		 SurvivalMonths : 69.5 		 Average Reward : 2289.88
Updates : 1344 		 SurvivalMonths : 68.5 		 Average Reward : 2076.68
Updates : 1346 		 SurvivalMonths : 66.0 		 Average Reward : 1987.05
Updates : 1348 		 SurvivalMonths : 66.0 		 Average Reward : 1940.94
Updates : 1350 		 SurvivalMonths : 54.0 		 Average Reward : 1851.12
Updates : 1352 		 SurvivalMonths : 68.5 		 Average Reward : 2240.13
Updates : 1354 		 SurvivalMonths : 66.5 		 Average Reward : 1677.42
Updates : 1356 		 SurvivalMonths : 66.5 		 Average Reward : 2048.38
Updates : 1358 		 SurvivalMonths : 65.5 		 Average Reward : 2018.83
Updates : 1360 		 SurvivalMonths : 64.0 		 Average Reward : 1855.54
Updates : 1362 		 SurvivalMonths : 58.5 		 Average Reward : 2218.4
Updates : 1364 		 SurvivalMonths : 69.5 		 Average Reward : 1901.29
Updates : 1366 		 SurvivalMonths : 68.0 		 Average Reward : 2589.98
Updates : 1368 		 SurvivalMonths : 66.5 		 Average Reward : 2464.75
Updates : 1370 		 SurvivalMonths : 65.5 		 Average Reward : 1926.47
Updates : 1372 		 SurvivalMonths : 66.0 		 Average Reward : 1780.99
Updates : 1374 		 SurvivalMonths : 66.5 		 Average Reward : 1872.35
Updates : 1376 		 SurvivalMonths : 69.5 		 Average Reward : 2088.28
Updates : 1378 		 SurvivalMonths : 69.5 		 Average Reward : 2857.07
Updates : 1380 		 SurvivalMonths : 67.0 		 Average Reward : 1886.21
Updates : 1382 		 SurvivalMonths : 65.0 		 Average Reward : 1998.08
Updates : 1384 		 SurvivalMonths : 68.5 		 Average Reward : 2224.13
Updates : 1386 		 SurvivalMonths : 68.5 		 Average Reward : 2160.37
Updates : 1388 		 SurvivalMonths : 68.0 		 Average Reward : 3165.44
Updates : 1390 		 SurvivalMonths : 58.0 		 Average Reward : 1930.99
Updates : 1392 		 SurvivalMonths : 70.0 		 Average Reward : 2282.4
Updates : 1394 		 SurvivalMonths : 66.5 		 Average Reward : 2051.24
Updates : 1396 		 SurvivalMonths : 69.0 		 Average Reward : 2157.83
Updates : 1398 		 SurvivalMonths : 67.0 		 Average Reward : 2569.63
Updates : 1400 		 SurvivalMonths : 71.0 		 Average Reward : 2114.42
Updates : 1402 		 SurvivalMonths : 69.5 		 Average Reward : 2212.81
Updates : 1404 		 SurvivalMonths : 57.0 		 Average Reward : 2237.51
Updates : 1406 		 SurvivalMonths : 48.0 		 Average Reward : 1995.3
Updates : 1408 		 SurvivalMonths : 71.0 		 Average Reward : 2877.49
Updates : 1410 		 SurvivalMonths : 66.0 		 Average Reward : 2000.71
Updates : 1412 		 SurvivalMonths : 60.0 		 Average Reward : 2272.33
Updates : 1414 		 SurvivalMonths : 68.0 		 Average Reward : 2726.57
Updates : 1416 		 SurvivalMonths : 57.0 		 Average Reward : 2016.95
Updates : 1418 		 SurvivalMonths : 68.0 		 Average Reward : 2614.97
Updates : 1420 		 SurvivalMonths : 56.0 		 Average Reward : 1982.02
Updates : 1422 		 SurvivalMonths : 64.0 		 Average Reward : 1857.63
Updates : 1424 		 SurvivalMonths : 66.5 		 Average Reward : 2554.67
Updates : 1426 		 SurvivalMonths : 70.0 		 Average Reward : 2345.34
Updates : 1428 		 SurvivalMonths : 59.5 		 Average Reward : 2283.14
Updates : 1430 		 SurvivalMonths : 66.5 		 Average Reward : 2550.98
Updates : 1432 		 SurvivalMonths : 67.0 		 Average Reward : 2567.12
Updates : 1434 		 SurvivalMonths : 67.0 		 Average Reward : 2183.07
Updates : 1436 		 SurvivalMonths : 67.0 		 Average Reward : 2238.45
Updates : 1438 		 SurvivalMonths : 67.5 		 Average Reward : 2028.54
Updates : 1440 		 SurvivalMonths : 66.5 		 Average Reward : 2463.9
Updates : 1442 		 SurvivalMonths : 71.0 		 Average Reward : 2654.35
Updates : 1444 		 SurvivalMonths : 68.0 		 Average Reward : 2291.07
Updates : 1446 		 SurvivalMonths : 54.5 		 Average Reward : 1847.43
Updates : 1448 		 SurvivalMonths : 65.0 		 Average Reward : 1857.83
Updates : 1450 		 SurvivalMonths : 66.0 		 Average Reward : 1919.51
Updates : 1452 		 SurvivalMonths : 66.5 		 Average Reward : 1853.93
Updates : 1454 		 SurvivalMonths : 67.5 		 Average Reward : 2176.67
Updates : 1456 		 SurvivalMonths : 66.0 		 Average Reward : 2342.06
Updates : 1458 		 SurvivalMonths : 67.0 		 Average Reward : 3000.73
Updates : 1460 		 SurvivalMonths : 71.5 		 Average Reward : 2854.76
Updates : 1462 		 SurvivalMonths : 67.0 		 Average Reward : 2520.33
Updates : 1464 		 SurvivalMonths : 69.5 		 Average Reward : 2211.22
Updates : 1466 		 SurvivalMonths : 59.0 		 Average Reward : 2251.26
Updates : 1468 		 SurvivalMonths : 67.0 		 Average Reward : 2040.95
Updates : 1470 		 SurvivalMonths : 65.5 		 Average Reward : 1886.6
Updates : 1472 		 SurvivalMonths : 67.0 		 Average Reward : 2206.03
Updates : 1474 		 SurvivalMonths : 55.5 		 Average Reward : 1880.89
Updates : 1476 		 SurvivalMonths : 68.0 		 Average Reward : 2795.13
Updates : 1478 		 SurvivalMonths : 67.0 		 Average Reward : 1844.71
Updates : 1480 		 SurvivalMonths : 70.0 		 Average Reward : 2098.15
Updates : 1482 		 SurvivalMonths : 56.0 		 Average Reward : 2082.27
Updates : 1484 		 SurvivalMonths : 66.5 		 Average Reward : 2015.54
Updates : 1486 		 SurvivalMonths : 67.5 		 Average Reward : 2183.16
Updates : 1488 		 SurvivalMonths : 69.5 		 Average Reward : 2267.6
Updates : 1490 		 SurvivalMonths : 68.5 		 Average Reward : 2778.21
Updates : 1492 		 SurvivalMonths : 68.5 		 Average Reward : 2013.81
Updates : 1494 		 SurvivalMonths : 57.0 		 Average Reward : 2086.49
Updates : 1496 		 SurvivalMonths : 69.0 		 Average Reward : 2863.43
Updates : 1498 		 SurvivalMonths : 69.0 		 Average Reward : 2093.34
Updates : 1500 		 SurvivalMonths : 69.0 		 Average Reward : 2160.75
--------------------------------------------------------------------------------------------
saving model at : PPO_preTrained/gym_cancer:CancerControl-v0/patient046/final/patient046_20211206-1523_PPO_gym_cancer:CancerControl-v0_0_0.pth
model saved
Elapsed Time  :  0:49:42
--------------------------------------------------------------------------------------------
/home/yitao/PPO-Pytorch/env/gym_cancer/envs/cancercontrol.py:282: RuntimeWarning: invalid value encountered in power
  dxdt = np.multiply(r * x, (1 - (x @ self.A / self.K) ** phi -drug @ Beta))
Updates : 1502 		 SurvivalMonths : 56.5 		 Average Reward : 2057.54
Updates : 1504 		 SurvivalMonths : 69.0 		 Average Reward : 2713.42
Updates : 1506 		 SurvivalMonths : 54.0 		 Average Reward : 1881.31
Updates : 1508 		 SurvivalMonths : 66.5 		 Average Reward : 2125.2
Updates : 1510 		 SurvivalMonths : 67.0 		 Average Reward : 2070.15
Updates : 1512 		 SurvivalMonths : 70.5 		 Average Reward : 1890.95
Updates : 1514 		 SurvivalMonths : 65.5 		 Average Reward : 1935.57
Updates : 1516 		 SurvivalMonths : 69.5 		 Average Reward : 2296.41
Updates : 1518 		 SurvivalMonths : 66.0 		 Average Reward : 1887.03
Updates : 1520 		 SurvivalMonths : 68.5 		 Average Reward : 2776.39
Updates : 1522 		 SurvivalMonths : 66.5 		 Average Reward : 2073.74
Updates : 1524 		 SurvivalMonths : 70.5 		 Average Reward : 2162.48
Updates : 1526 		 SurvivalMonths : 58.5 		 Average Reward : 2144.68
Updates : 1528 		 SurvivalMonths : 56.0 		 Average Reward : 1896.79
Updates : 1530 		 SurvivalMonths : 63.5 		 Average Reward : 1897.06
Updates : 1532 		 SurvivalMonths : 66.5 		 Average Reward : 2054.26
Updates : 1534 		 SurvivalMonths : 67.5 		 Average Reward : 2046.26
Updates : 1536 		 SurvivalMonths : 66.0 		 Average Reward : 2030.8
Updates : 1538 		 SurvivalMonths : 70.0 		 Average Reward : 2191.68
Updates : 1540 		 SurvivalMonths : 57.0 		 Average Reward : 2002.93
